2025-04-23 12:31:55,743 INFO o.a.j.u.JMeterUtils: Setting Locale to en_EN
2025-04-23 12:31:55,928 INFO o.a.j.JMeter: Loading user properties from: /Users/mukesh.ali/Desktop/apache-jmeter-5.6.3/bin/user.properties
2025-04-23 12:31:55,928 INFO o.a.j.JMeter: Loading system properties from: /Users/mukesh.ali/Desktop/apache-jmeter-5.6.3/bin/system.properties
2025-04-23 12:31:55,929 INFO o.a.j.JMeter: Setting JMeter property: apiHost=localhost
2025-04-23 12:31:55,929 INFO o.a.j.JMeter: Setting JMeter property: apiPort=3000
2025-04-23 12:31:55,929 INFO o.a.j.JMeter: Setting JMeter property: apiPath=/api/v1/insurance-wallet/balance?gpId=IOP12221
2025-04-23 12:31:55,929 INFO o.a.j.JMeter: Setting JMeter property: threads=15
2025-04-23 12:31:55,929 INFO o.a.j.JMeter: Setting JMeter property: loopcount=1
2025-04-23 12:31:55,929 INFO o.a.j.JMeter: Setting JMeter property: rampup=1
2025-04-23 12:31:56,097 INFO o.a.j.JMeter: Copyright (c) 1998-2024 The Apache Software Foundation
2025-04-23 12:31:56,098 INFO o.a.j.JMeter: Version 5.6.3
2025-04-23 12:31:56,098 INFO o.a.j.JMeter: java.version=22.0.2
2025-04-23 12:31:56,098 INFO o.a.j.JMeter: java.vm.name=OpenJDK 64-Bit Server VM
2025-04-23 12:31:56,098 INFO o.a.j.JMeter: os.name=Mac OS X
2025-04-23 12:31:56,098 INFO o.a.j.JMeter: os.arch=aarch64
2025-04-23 12:31:56,098 INFO o.a.j.JMeter: os.version=15.4.1
2025-04-23 12:31:56,098 INFO o.a.j.JMeter: file.encoding=UTF-8
2025-04-23 12:31:56,098 INFO o.a.j.JMeter: java.awt.headless=true
2025-04-23 12:31:56,098 INFO o.a.j.JMeter: Max memory     =1073741824
2025-04-23 12:31:56,098 INFO o.a.j.JMeter: Available Processors =8
2025-04-23 12:31:56,241 INFO o.a.j.JMeter: Default Locale=English (EN)
2025-04-23 12:31:56,242 INFO o.a.j.JMeter: JMeter  Locale=English (EN)
2025-04-23 12:31:56,242 INFO o.a.j.JMeter: JMeterHome=/Users/mukesh.ali/Desktop/apache-jmeter-5.6.3
2025-04-23 12:31:56,242 INFO o.a.j.JMeter: user.dir  =/Users/mukesh.ali/Desktop/products
2025-04-23 12:31:56,242 INFO o.a.j.JMeter: PWD       =/Users/mukesh.ali/Desktop/products
2025-04-23 12:31:56,280 INFO o.a.j.JMeter: IP: 10.211.100.207 Name: ip-10-211-100-207.ap-south-1.compute.internal FullName: ip-10-211-100-207.ap-south-1.compute.internal
2025-04-23 12:31:56,597 INFO o.a.j.s.FileServer: Default base='/Users/mukesh.ali/Desktop/products'
2025-04-23 12:31:56,599 INFO o.a.j.s.FileServer: Set new base='/Users/mukesh.ali/Desktop/Insurance Wallet Jmeter API's'
2025-04-23 12:31:58,338 INFO o.a.j.s.SaveService: Testplan (JMX) version: 2.2. Testlog (JTL) version: 2.2
2025-04-23 12:31:58,610 INFO o.a.j.s.SaveService: Using SaveService properties version 5.0
2025-04-23 12:31:58,617 INFO o.a.j.s.SaveService: Using SaveService properties file encoding UTF-8
2025-04-23 12:31:58,665 INFO o.a.j.s.SaveService: Loading file: /Users/mukesh.ali/Desktop/Insurance Wallet Jmeter API's/Get Balance.jmx
2025-04-23 12:31:59,379 INFO o.a.j.p.h.s.HTTPSamplerBase: Parser for text/html is org.apache.jmeter.protocol.http.parser.LagartoBasedHtmlParser
2025-04-23 12:31:59,379 INFO o.a.j.p.h.s.HTTPSamplerBase: Parser for application/xhtml+xml is org.apache.jmeter.protocol.http.parser.LagartoBasedHtmlParser
2025-04-23 12:31:59,379 INFO o.a.j.p.h.s.HTTPSamplerBase: Parser for application/xml is org.apache.jmeter.protocol.http.parser.LagartoBasedHtmlParser
2025-04-23 12:31:59,379 INFO o.a.j.p.h.s.HTTPSamplerBase: Parser for text/xml is org.apache.jmeter.protocol.http.parser.LagartoBasedHtmlParser
2025-04-23 12:31:59,379 INFO o.a.j.p.h.s.HTTPSamplerBase: Parser for text/vnd.wap.wml is org.apache.jmeter.protocol.http.parser.RegexpHTMLParser
2025-04-23 12:31:59,380 INFO o.a.j.p.h.s.HTTPSamplerBase: Parser for text/css is org.apache.jmeter.protocol.http.parser.CssParser
2025-04-23 12:31:59,968 INFO o.a.j.JMeter: Creating summariser <summary>
2025-04-23 12:32:00,211 INFO o.a.j.e.StandardJMeterEngine: Running the test!
2025-04-23 12:32:00,213 INFO o.a.j.s.SampleEvent: List of sample_variables: []
2025-04-23 12:32:00,213 INFO o.a.j.s.SampleEvent: List of sample_variables: []
2025-04-23 12:32:00,218 INFO o.a.j.e.u.CompoundVariable: Note: Function class names must contain the string: '.functions.'
2025-04-23 12:32:00,218 INFO o.a.j.e.u.CompoundVariable: Note: Function class names must not contain the string: '.gui.'
2025-04-23 12:32:01,197 INFO o.a.j.JMeter: Running test (1745391721197)
2025-04-23 12:32:01,261 INFO o.a.j.e.StandardJMeterEngine: Starting ThreadGroup: 1 : Thread Group
2025-04-23 12:32:01,261 INFO o.a.j.e.StandardJMeterEngine: Starting 20 threads for group Thread Group.
2025-04-23 12:32:01,262 INFO o.a.j.e.StandardJMeterEngine: Thread will continue on error
2025-04-23 12:32:01,262 INFO o.a.j.t.ThreadGroup: Starting thread group... number=1 threads=20 ramp-up=1 delayedStart=false
2025-04-23 12:32:01,271 INFO o.a.j.t.JMeterThread: Thread started: Thread Group 1-1
2025-04-23 12:32:01,305 INFO o.a.j.p.h.s.HTTPHCAbstractImpl: Local host = ip-10-211-100-207.ap-south-1.compute.internal
2025-04-23 12:32:01,319 INFO o.a.j.t.JMeterThread: Thread started: Thread Group 1-2
2025-04-23 12:32:01,364 INFO o.a.j.t.JMeterThread: Thread started: Thread Group 1-3
2025-04-23 12:32:01,426 INFO o.a.j.t.ThreadGroup: Started thread group number 1
2025-04-23 12:32:01,427 INFO o.a.j.e.StandardJMeterEngine: All thread groups have been started
2025-04-23 12:32:01,442 INFO o.a.j.p.h.s.HTTPHC4Impl: HTTP request retry count = 0
2025-04-23 12:32:01,444 INFO o.a.j.s.SampleResult: Note: Sample TimeStamps are START times
2025-04-23 12:32:01,444 INFO o.a.j.s.SampleResult: sampleresult.default.encoding is set to UTF-8
2025-04-23 12:32:01,445 INFO o.a.j.s.SampleResult: sampleresult.useNanoTime=true
2025-04-23 12:32:01,445 INFO o.a.j.s.SampleResult: sampleresult.nanoThreadSleep=5000
2025-04-23 12:32:01,478 INFO o.a.j.t.JMeterThread: Thread started: Thread Group 1-5
2025-04-23 12:32:01,515 INFO o.a.j.t.JMeterThread: Thread started: Thread Group 1-6
2025-04-23 12:32:01,553 INFO o.a.j.t.JMeterThread: Thread started: Thread Group 1-4
2025-04-23 12:32:01,566 INFO o.a.j.t.JMeterThread: Thread started: Thread Group 1-7
2025-04-23 12:32:01,615 INFO o.a.j.t.JMeterThread: Thread started: Thread Group 1-8
2025-04-23 12:32:01,668 INFO o.a.j.t.JMeterThread: Thread started: Thread Group 1-9
2025-04-23 12:32:01,681 INFO o.a.j.p.h.s.h.LazyLayeredConnectionSocketFactory: Setting up HTTPS TrustAll Socket Factory
2025-04-23 12:32:01,687 INFO o.a.j.u.JsseSSLManager: Using default SSL protocol: TLS
2025-04-23 12:32:01,687 INFO o.a.j.u.JsseSSLManager: SSL session context: per-thread
2025-04-23 12:32:01,714 INFO o.a.j.t.JMeterThread: Thread started: Thread Group 1-10
2025-04-23 12:32:01,763 INFO o.a.j.t.JMeterThread: Thread started: Thread Group 1-11
2025-04-23 12:32:01,814 INFO o.a.j.t.JMeterThread: Thread started: Thread Group 1-12
2025-04-23 12:32:01,864 INFO o.a.j.t.JMeterThread: Thread started: Thread Group 1-13
2025-04-23 12:32:01,921 INFO o.a.j.t.JMeterThread: Thread started: Thread Group 1-14
2025-04-23 12:32:01,970 INFO o.a.j.t.JMeterThread: Thread started: Thread Group 1-15
2025-04-23 12:32:02,046 INFO o.a.j.t.JMeterThread: Thread started: Thread Group 1-16
2025-04-23 12:32:02,281 INFO o.a.j.t.JMeterThread: Thread started: Thread Group 1-20
2025-04-23 12:32:02,281 INFO o.a.j.t.JMeterThread: Thread started: Thread Group 1-18
2025-04-23 12:32:02,281 INFO o.a.j.t.JMeterThread: Thread started: Thread Group 1-19
2025-04-23 12:32:02,281 INFO o.a.j.t.JMeterThread: Thread started: Thread Group 1-17
2025-04-23 12:32:02,580 INFO o.a.j.u.SSLManager: JmeterKeyStore Location:  type JKS
2025-04-23 12:32:02,592 INFO o.a.j.u.SSLManager: KeyStore created OK
2025-04-23 12:32:02,592 WARN o.a.j.u.SSLManager: Keystore file not found, loading empty keystore
2025-04-23 12:32:06,081 INFO o.a.j.t.JMeterThread: Thread is done: Thread Group 1-18
2025-04-23 12:32:06,082 INFO o.a.j.t.JMeterThread: Thread finished: Thread Group 1-18
2025-04-23 12:32:06,413 INFO o.a.j.t.JMeterThread: Thread is done: Thread Group 1-6
2025-04-23 12:32:06,413 INFO o.a.j.t.JMeterThread: Thread finished: Thread Group 1-6
2025-04-23 12:32:06,437 INFO o.a.j.t.JMeterThread: Thread is done: Thread Group 1-12
2025-04-23 12:32:06,438 INFO o.a.j.t.JMeterThread: Thread finished: Thread Group 1-12
2025-04-23 12:32:06,439 INFO o.a.j.t.JMeterThread: Thread is done: Thread Group 1-7
2025-04-23 12:32:06,439 INFO o.a.j.t.JMeterThread: Thread finished: Thread Group 1-7
2025-04-23 12:32:06,452 INFO o.a.j.t.JMeterThread: Thread is done: Thread Group 1-16
2025-04-23 12:32:06,452 INFO o.a.j.t.JMeterThread: Thread finished: Thread Group 1-16
2025-04-23 12:32:06,455 INFO o.a.j.t.JMeterThread: Thread is done: Thread Group 1-17
2025-04-23 12:32:06,455 INFO o.a.j.t.JMeterThread: Thread finished: Thread Group 1-17
2025-04-23 12:32:06,459 INFO o.a.j.t.JMeterThread: Thread is done: Thread Group 1-4
2025-04-23 12:32:06,459 INFO o.a.j.t.JMeterThread: Thread finished: Thread Group 1-4
2025-04-23 12:32:06,459 INFO o.a.j.t.JMeterThread: Thread is done: Thread Group 1-1
2025-04-23 12:32:06,459 INFO o.a.j.t.JMeterThread: Thread finished: Thread Group 1-1
2025-04-23 12:32:06,473 INFO o.a.j.t.JMeterThread: Thread is done: Thread Group 1-9
2025-04-23 12:32:06,473 INFO o.a.j.t.JMeterThread: Thread finished: Thread Group 1-9
2025-04-23 12:32:06,475 INFO o.a.j.t.JMeterThread: Thread is done: Thread Group 1-20
2025-04-23 12:32:06,476 INFO o.a.j.t.JMeterThread: Thread finished: Thread Group 1-20
2025-04-23 12:32:06,485 INFO o.a.j.t.JMeterThread: Thread is done: Thread Group 1-14
2025-04-23 12:32:06,485 INFO o.a.j.t.JMeterThread: Thread finished: Thread Group 1-14
2025-04-23 12:32:06,511 INFO o.a.j.t.JMeterThread: Thread is done: Thread Group 1-15
2025-04-23 12:32:06,511 INFO o.a.j.t.JMeterThread: Thread finished: Thread Group 1-15
2025-04-23 12:32:06,529 INFO o.a.j.t.JMeterThread: Thread is done: Thread Group 1-10
2025-04-23 12:32:06,529 INFO o.a.j.t.JMeterThread: Thread finished: Thread Group 1-10
2025-04-23 12:32:06,540 INFO o.a.j.t.JMeterThread: Thread is done: Thread Group 1-11
2025-04-23 12:32:06,540 INFO o.a.j.t.JMeterThread: Thread finished: Thread Group 1-11
2025-04-23 12:32:06,548 INFO o.a.j.t.JMeterThread: Thread is done: Thread Group 1-2
2025-04-23 12:32:06,548 INFO o.a.j.t.JMeterThread: Thread finished: Thread Group 1-2
2025-04-23 12:32:06,558 INFO o.a.j.t.JMeterThread: Thread is done: Thread Group 1-13
2025-04-23 12:32:06,558 INFO o.a.j.t.JMeterThread: Thread finished: Thread Group 1-13
2025-04-23 12:32:06,631 INFO o.a.j.t.JMeterThread: Thread is done: Thread Group 1-19
2025-04-23 12:32:06,631 INFO o.a.j.t.JMeterThread: Thread finished: Thread Group 1-19
2025-04-23 12:32:06,635 INFO o.a.j.t.JMeterThread: Thread is done: Thread Group 1-3
2025-04-23 12:32:06,635 INFO o.a.j.t.JMeterThread: Thread finished: Thread Group 1-3
2025-04-23 12:32:06,649 INFO o.a.j.t.JMeterThread: Thread is done: Thread Group 1-5
2025-04-23 12:32:06,649 INFO o.a.j.t.JMeterThread: Thread finished: Thread Group 1-5
2025-04-23 12:32:06,655 INFO o.a.j.t.JMeterThread: Thread is done: Thread Group 1-8
2025-04-23 12:32:06,655 INFO o.a.j.t.JMeterThread: Thread finished: Thread Group 1-8
2025-04-23 12:32:06,655 INFO o.a.j.e.StandardJMeterEngine: Notifying test listeners of end of test
2025-04-23 12:32:06,656 INFO o.a.j.r.Summariser: summary =     20 in 00:00:06 =    3.4/s Avg:  4829 Min:  4265 Max:  5051 Err:     0 (0.00%)
ying test listeners of end of test
2025-04-23 12:32:06,646 INFO o.a.j.r.Summariser: summary +     19 in 00:00:01 =   12.7/s Avg:  4411 Min:  3576 Max:  5060 Err:     0 (0.00%) Active: 0 Started: 20 Finished: 20
2025-04-23 12:32:06,646 INFO o.a.j.r.Summariser: summary =     20 in 00:00:05 =    3.7/s Avg:  4367 Min:  3522 Max:  5060 Err:     0 (0.00%)
